SPUAssembly v2.3.0r a.spus -> a.spub
26    ->    30 | 5   | jmp <giveYouUp_0args_guard>              |  f 1f  0  0  0 
x     ->     x | 0   | giveYouUp_0args:          | 
31    ->    32 | 2   | in                                       |  2  0 
33    ->    43 | 11  | pop <[rex+0]>                            |  1  7  0  0  0  0  0  0  0  0  4 
44    ->    48 | 5   | call <fact_1args>                        | 19 12  0  0  0 
49    ->    51 | 3   | push <rax>                               |  0  2  0 
52    ->    53 | 2   | out                                      |  e  0 
54    ->    55 | 2   | pop                                      |  1  0 
56    ->    56 | 1   | ret                                      | 1a 
x     ->     x | 0   | giveYouUp_0args_guard:    | 
57    ->    61 | 5   | jmp <fact_1args_guard>                   |  f f2  0  0  0 
x     ->     x | 0   | fact_1args:               | 
62    ->    71 | 10  | push <0>                                 |  0  1  0  0  0  0  0  0  0  0 
72    ->    82 | 11  | pop <[rex+1]>                            |  1  7  0  0  0  0  0  0 f0 3f  4 
83    ->    93 | 11  | push <[rex+0]>                           |  0  7  0  0  0  0  0  0  0  0  4 
94    ->   103 | 10  | push <1>                                 |  0  1  0  0  0  0  0  0 f0 3f 
104   ->   104 | 1   | leq                                      | 25 
105   ->   114 | 10  | push <0>                                 |  0  1  0  0  0  0  0  0  0  0 
115   ->   119 | 5   | je <lbl_6_6_else__IAOLN>                 | 12 4b  0  0  0 
120   ->   129 | 10  | push <2>                                 |  0  1  0  0  0  0  0  0  0 40 
130   ->   132 | 3   | push <rex>                               |  0  2  4 
133   ->   133 | 1   | add                                      |  5 
134   ->   136 | 3   | pop <rex>                                |  1  2  4 
137   ->   146 | 10  | push <1>                                 |  0  1  0  0  0  0  0  0 f0 3f 
147   ->   149 | 3   | push <rex>                               |  0  2  4 
150   ->   159 | 10  | push <2>                                 |  0  1  0  0  0  0  0  0  0 40 
160   ->   160 | 1   | sub                                      |  6 
161   ->   163 | 3   | pop <rex>                                |  1  2  4 
164   ->   166 | 3   | pop <rax>                                |  1  2  0 
167   ->   167 | 1   | ret                                      | 1a 
168   ->   170 | 3   | push <rex>                               |  0  2  4 
171   ->   180 | 10  | push <2>                                 |  0  1  0  0  0  0  0  0  0 40 
181   ->   181 | 1   | sub                                      |  6 
182   ->   184 | 3   | pop <rex>                                |  1  2  4 
185   ->   189 | 5   | jmp <lbl_6_6_cont__HBRCK>                |  f 71  0  0  0 
x     ->     x | 0   | lbl_6_6_else__IAOLN:      | 
190   ->   199 | 10  | push <2>                                 |  0  1  0  0  0  0  0  0  0 40 
200   ->   202 | 3   | push <rex>                               |  0  2  4 
203   ->   203 | 1   | add                                      |  5 
204   ->   206 | 3   | pop <rex>                                |  1  2  4 
207   ->   217 | 11  | push <[rex-2]>                           |  0  7  0  0  0  0  0  0  0 c0  4 
218   ->   227 | 10  | push <1>                                 |  0  1  0  0  0  0  0  0 f0 3f 
228   ->   228 | 1   | sub                                      |  6 
229   ->   239 | 11  | pop <[rex+0]>                            |  1  7  0  0  0  0  0  0  0  0  4 
240   ->   244 | 5   | call <fact_1args>                        | 19 4e ff ff ff 
245   ->   247 | 3   | push <rax>                               |  0  2  0 
248   ->   258 | 11  | push <[rex-2]>                           |  0  7  0  0  0  0  0  0  0 c0  4 
259   ->   259 | 1   | mul                                      |  7 
260   ->   262 | 3   | push <rex>                               |  0  2  4 
263   ->   272 | 10  | push <2>                                 |  0  1  0  0  0  0  0  0  0 40 
273   ->   273 | 1   | sub                                      |  6 
274   ->   276 | 3   | pop <rex>                                |  1  2  4 
277   ->   279 | 3   | pop <rax>                                |  1  2  0 
280   ->   280 | 1   | ret                                      | 1a 
281   ->   283 | 3   | push <rex>                               |  0  2  4 
284   ->   293 | 10  | push <2>                                 |  0  1  0  0  0  0  0  0  0 40 
294   ->   294 | 1   | sub                                      |  6 
295   ->   297 | 3   | pop <rex>                                |  1  2  4 
x     ->     x | 0   | lbl_6_6_cont__HBRCK:      | 
298   ->   298 | 1   | ret                                      | 1a 
x     ->     x | 0   | fact_1args_guard:         | 
299   ->   310 | 12  | mov <rex><0>                             | 1b  2  4  1  0  0  0  0  0  0  0  0 
311   ->   315 | 5   | call <giveYouUp_0args>                   | 19 e8 fe ff ff 
316   ->   316 | 1   | hlt                                      |  d 
